c:\users\owner\source\repos\boatnew\boatnew\debug\boatnew.pch
c:\users\owner\source\repos\boatnew\boatnew\debug\vc141.pdb
c:\users\owner\source\repos\boatnew\boatnew\debug\vc141.idb
c:\users\owner\source\repos\boatnew\boatnew\debug\pch.obj
c:\users\owner\source\repos\boatnew\boatnew\debug\lobject.obj
c:\users\owner\source\repos\boatnew\boatnew\debug\loadlib.obj
c:\users\owner\source\repos\boatnew\boatnew\debug\lmem.obj
c:\users\owner\source\repos\boatnew\boatnew\debug\lmathlib.obj
c:\users\owner\source\repos\boatnew\boatnew\debug\llex.obj
c:\users\owner\source\repos\boatnew\boatnew\debug\liolib.obj
c:\users\owner\source\repos\boatnew\boatnew\debug\linit.obj
c:\users\owner\source\repos\boatnew\boatnew\debug\lgc.obj
c:\users\owner\source\repos\boatnew\boatnew\debug\lfunc.obj
c:\users\owner\source\repos\boatnew\boatnew\debug\ldump.obj
c:\users\owner\source\repos\boatnew\boatnew\debug\ldo.obj
c:\users\owner\source\repos\boatnew\boatnew\debug\ldebug.obj
c:\users\owner\source\repos\boatnew\boatnew\debug\ldblib.obj
c:\users\owner\source\repos\boatnew\boatnew\debug\lctype.obj
c:\users\owner\source\repos\boatnew\boatnew\debug\lcorolib.obj
c:\users\owner\source\repos\boatnew\boatnew\debug\lcode.obj
c:\users\owner\source\repos\boatnew\boatnew\debug\lbitlib.obj
c:\users\owner\source\repos\boatnew\boatnew\debug\lbaselib.obj
c:\users\owner\source\repos\boatnew\boatnew\debug\lauxlib.obj
c:\users\owner\source\repos\boatnew\boatnew\debug\lapi.obj
c:\users\owner\source\repos\boatnew\boatnew\debug\lzio.obj
c:\users\owner\source\repos\boatnew\boatnew\debug\lvm.obj
c:\users\owner\source\repos\boatnew\boatnew\debug\lundump.obj
c:\users\owner\source\repos\boatnew\boatnew\debug\ltm.obj
c:\users\owner\source\repos\boatnew\boatnew\debug\ltablib.obj
c:\users\owner\source\repos\boatnew\boatnew\debug\ltable.obj
c:\users\owner\source\repos\boatnew\boatnew\debug\lstrlib.obj
c:\users\owner\source\repos\boatnew\boatnew\debug\lstring.obj
c:\users\owner\source\repos\boatnew\boatnew\debug\lstate.obj
c:\users\owner\source\repos\boatnew\boatnew\debug\lparser.obj
c:\users\owner\source\repos\boatnew\boatnew\debug\loslib.obj
c:\users\owner\source\repos\boatnew\boatnew\debug\lopcodes.obj
c:\users\owner\source\repos\boatnew\boatnew\debug\vectors.obj
c:\users\owner\source\repos\boatnew\boatnew\debug\timers.obj
c:\users\owner\source\repos\boatnew\boatnew\debug\tiles.obj
c:\users\owner\source\repos\boatnew\boatnew\debug\tilemap.obj
c:\users\owner\source\repos\boatnew\boatnew\debug\savlod.obj
c:\users\owner\source\repos\boatnew\boatnew\debug\resolutions.obj
c:\users\owner\source\repos\boatnew\boatnew\debug\renderwrld.obj
c:\users\owner\source\repos\boatnew\boatnew\debug\player.obj
c:\users\owner\source\repos\boatnew\boatnew\debug\platforms.obj
c:\users\owner\source\repos\boatnew\boatnew\debug\mapmaking.obj
c:\users\owner\source\repos\boatnew\boatnew\debug\map.obj
c:\users\owner\source\repos\boatnew\boatnew\debug\main.obj
c:\users\owner\source\repos\boatnew\boatnew\debug\luafuncs.obj
c:\users\owner\source\repos\boatnew\boatnew\debug\gamehandler.obj
c:\users\owner\source\repos\boatnew\debug\boatnew.exe
c:\users\owner\source\repos\boatnew\debug\boatnew.ilk
c:\users\owner\source\repos\boatnew\debug\boatnew.pdb
c:\users\owner\source\repos\boatnew\boatnew\debug\camera.obj
c:\users\owner\source\repos\boatnew\boatnew\debug\hitbox.obj
c:\users\owner\source\repos\boatnew\boatnew\debug\load_textures.obj
c:\users\owner\source\repos\boatnew\boatnew\debug\nativecodeanalysis.read.1.tlog
c:\users\owner\source\repos\boatnew\boatnew\debug\camera.nativecodeanalysis.xml
c:\users\owner\source\repos\boatnew\boatnew\debug\gamehandler.nativecodeanalysis.xml
c:\users\owner\source\repos\boatnew\boatnew\debug\hitbox.nativecodeanalysis.xml
c:\users\owner\source\repos\boatnew\boatnew\debug\lapi.nativecodeanalysis.xml
c:\users\owner\source\repos\boatnew\boatnew\debug\lauxlib.nativecodeanalysis.xml
c:\users\owner\source\repos\boatnew\boatnew\debug\lbaselib.nativecodeanalysis.xml
c:\users\owner\source\repos\boatnew\boatnew\debug\lbitlib.nativecodeanalysis.xml
c:\users\owner\source\repos\boatnew\boatnew\debug\lcode.nativecodeanalysis.xml
c:\users\owner\source\repos\boatnew\boatnew\debug\lcorolib.nativecodeanalysis.xml
c:\users\owner\source\repos\boatnew\boatnew\debug\lctype.nativecodeanalysis.xml
c:\users\owner\source\repos\boatnew\boatnew\debug\ldblib.nativecodeanalysis.xml
c:\users\owner\source\repos\boatnew\boatnew\debug\ldebug.nativecodeanalysis.xml
c:\users\owner\source\repos\boatnew\boatnew\debug\ldo.nativecodeanalysis.xml
c:\users\owner\source\repos\boatnew\boatnew\debug\ldump.nativecodeanalysis.xml
c:\users\owner\source\repos\boatnew\boatnew\debug\lfunc.nativecodeanalysis.xml
c:\users\owner\source\repos\boatnew\boatnew\debug\lgc.nativecodeanalysis.xml
c:\users\owner\source\repos\boatnew\boatnew\debug\linit.nativecodeanalysis.xml
c:\users\owner\source\repos\boatnew\boatnew\debug\liolib.nativecodeanalysis.xml
c:\users\owner\source\repos\boatnew\boatnew\debug\llex.nativecodeanalysis.xml
c:\users\owner\source\repos\boatnew\boatnew\debug\lmathlib.nativecodeanalysis.xml
c:\users\owner\source\repos\boatnew\boatnew\debug\lmem.nativecodeanalysis.xml
c:\users\owner\source\repos\boatnew\boatnew\debug\loadlib.nativecodeanalysis.xml
c:\users\owner\source\repos\boatnew\boatnew\debug\load_textures.nativecodeanalysis.xml
c:\users\owner\source\repos\boatnew\boatnew\debug\lobject.nativecodeanalysis.xml
c:\users\owner\source\repos\boatnew\boatnew\debug\lopcodes.nativecodeanalysis.xml
c:\users\owner\source\repos\boatnew\boatnew\debug\loslib.nativecodeanalysis.xml
c:\users\owner\source\repos\boatnew\boatnew\debug\lparser.nativecodeanalysis.xml
c:\users\owner\source\repos\boatnew\boatnew\debug\lstate.nativecodeanalysis.xml
c:\users\owner\source\repos\boatnew\boatnew\debug\lstring.nativecodeanalysis.xml
c:\users\owner\source\repos\boatnew\boatnew\debug\lstrlib.nativecodeanalysis.xml
c:\users\owner\source\repos\boatnew\boatnew\debug\ltable.nativecodeanalysis.xml
c:\users\owner\source\repos\boatnew\boatnew\debug\ltablib.nativecodeanalysis.xml
c:\users\owner\source\repos\boatnew\boatnew\debug\ltm.nativecodeanalysis.xml
c:\users\owner\source\repos\boatnew\boatnew\debug\luafuncs.nativecodeanalysis.xml
c:\users\owner\source\repos\boatnew\boatnew\debug\lundump.nativecodeanalysis.xml
c:\users\owner\source\repos\boatnew\boatnew\debug\lvm.nativecodeanalysis.xml
c:\users\owner\source\repos\boatnew\boatnew\debug\lzio.nativecodeanalysis.xml
c:\users\owner\source\repos\boatnew\boatnew\debug\main.nativecodeanalysis.xml
c:\users\owner\source\repos\boatnew\boatnew\debug\map.nativecodeanalysis.xml
c:\users\owner\source\repos\boatnew\boatnew\debug\mapmaking.nativecodeanalysis.xml
c:\users\owner\source\repos\boatnew\boatnew\debug\pch.nativecodeanalysis.xml
c:\users\owner\source\repos\boatnew\boatnew\debug\platforms.nativecodeanalysis.xml
c:\users\owner\source\repos\boatnew\boatnew\debug\player.nativecodeanalysis.xml
c:\users\owner\source\repos\boatnew\boatnew\debug\renderwrld.nativecodeanalysis.xml
c:\users\owner\source\repos\boatnew\boatnew\debug\resolutions.nativecodeanalysis.xml
c:\users\owner\source\repos\boatnew\boatnew\debug\savlod.nativecodeanalysis.xml
c:\users\owner\source\repos\boatnew\boatnew\debug\tilemap.nativecodeanalysis.xml
c:\users\owner\source\repos\boatnew\boatnew\debug\tiles.nativecodeanalysis.xml
c:\users\owner\source\repos\boatnew\boatnew\debug\timers.nativecodeanalysis.xml
c:\users\owner\source\repos\boatnew\boatnew\debug\vc.nativecodeanalysis.all.xml
c:\users\owner\source\repos\boatnew\boatnew\debug\vectors.nativecodeanalysis.xml
c:\users\owner\source\repos\boatnew\boatnew\debug\boatnew.tlog\cl.command.1.tlog
c:\users\owner\source\repos\boatnew\boatnew\debug\boatnew.tlog\cl.read.1.tlog
c:\users\owner\source\repos\boatnew\boatnew\debug\boatnew.tlog\cl.write.1.tlog
c:\users\owner\source\repos\boatnew\boatnew\debug\boatnew.tlog\link.command.1.tlog
c:\users\owner\source\repos\boatnew\boatnew\debug\boatnew.tlog\link.read.1.tlog
c:\users\owner\source\repos\boatnew\boatnew\debug\boatnew.tlog\link.write.1.tlog
