  pch.cpp
  lapi.c
  lauxlib.c
  lbaselib.c
  lbitlib.c
  lcode.c
  lcorolib.c
  lctype.c
  ldblib.c
  ldebug.c
  ldo.c
  ldump.c
  lfunc.c
  lgc.c
  linit.c
  liolib.c
  llex.c
  lmathlib.c
  lmem.c
  loadlib.c
  lobject.c
  Generating Code...
  Compiling...
  lopcodes.c
  loslib.c
  lparser.c
  lstate.c
  lstring.c
  lstrlib.c
  ltable.c
  ltablib.c
  ltm.c
  lundump.c
  lvm.c
  lzio.c
  Generating Code...
  camera.cpp
c:\users\owner\source\repos\boatnew\boatnew\camera.cpp(31): warning C4244: 'argument': conversion from 'float' to 'int', possible loss of data
  events.cpp
  gameHandler.cpp
c:\users\owner\source\repos\boatnew\boatnew\tiles.h(6): warning C4099: 'Vec2': type name first seen using 'struct' now seen using 'class'
  c:\users\owner\source\repos\boatnew\boatnew\platform.h(4): note: see declaration of 'Vec2'
c:\users\owner\source\repos\boatnew\boatnew\vectors.h(4): warning C4099: 'Vec2': type name first seen using 'struct' now seen using 'class'
  c:\users\owner\source\repos\boatnew\boatnew\vectors.h(3): note: see declaration of 'Vec2'
c:\users\owner\source\repos\boatnew\boatnew\gamehandler.cpp(41): warning C4244: 'initializing': conversion from 'int' to 'float', possible loss of data
c:\users\owner\source\repos\boatnew\boatnew\gamehandler.cpp(42): warning C4244: 'initializing': conversion from 'int' to 'float', possible loss of data
c:\users\owner\source\repos\boatnew\boatnew\gamehandler.cpp(51): warning C4305: '+=': truncation from 'double' to 'float'
c:\users\owner\source\repos\boatnew\boatnew\gamehandler.cpp(55): warning C4305: '-=': truncation from 'double' to 'float'
c:\users\owner\source\repos\boatnew\boatnew\gamehandler.cpp(59): warning C4305: '-=': truncation from 'double' to 'float'
c:\users\owner\source\repos\boatnew\boatnew\gamehandler.cpp(63): warning C4305: '+=': truncation from 'double' to 'float'
c:\users\owner\source\repos\boatnew\boatnew\gamehandler.cpp(67): warning C4305: '-=': truncation from 'double' to 'float'
c:\users\owner\source\repos\boatnew\boatnew\gamehandler.cpp(68): warning C4305: '-=': truncation from 'double' to 'float'
c:\users\owner\source\repos\boatnew\boatnew\gamehandler.cpp(72): warning C4305: '+=': truncation from 'double' to 'float'
c:\users\owner\source\repos\boatnew\boatnew\gamehandler.cpp(73): warning C4305: '+=': truncation from 'double' to 'float'
c:\users\owner\source\repos\boatnew\boatnew\gamehandler.cpp(37): warning C4101: 'screenw': unreferenced local variable
c:\users\owner\source\repos\boatnew\boatnew\gamehandler.cpp(37): warning C4101: 'screenh': unreferenced local variable
c:\users\owner\source\repos\boatnew\boatnew\gamehandler.cpp(81): warning C4244: 'initializing': conversion from 'float' to 'int', possible loss of data
c:\users\owner\source\repos\boatnew\boatnew\gamehandler.cpp(88): warning C4244: 'initializing': conversion from 'float' to 'int', possible loss of data
c:\users\owner\source\repos\boatnew\boatnew\gamehandler.cpp(120): warning C4018: '<': signed/unsigned mismatch
c:\users\owner\source\repos\boatnew\boatnew\gamehandler.cpp(122): warning C4244: 'argument': conversion from 'double' to 'float', possible loss of data
c:\users\owner\source\repos\boatnew\boatnew\gamehandler.cpp(126): warning C4305: '+=': truncation from 'double' to 'float'
c:\users\owner\source\repos\boatnew\boatnew\gamehandler.cpp(130): warning C4305: '-=': truncation from 'double' to 'float'
c:\users\owner\source\repos\boatnew\boatnew\gamehandler.cpp(134): warning C4305: '+=': truncation from 'double' to 'float'
c:\users\owner\source\repos\boatnew\boatnew\gamehandler.cpp(138): warning C4305: '-=': truncation from 'double' to 'float'
c:\users\owner\source\repos\boatnew\boatnew\gamehandler.cpp(142): warning C4305: '-=': truncation from 'double' to 'float'
c:\users\owner\source\repos\boatnew\boatnew\gamehandler.cpp(143): warning C4305: '-=': truncation from 'double' to 'float'
c:\users\owner\source\repos\boatnew\boatnew\gamehandler.cpp(147): warning C4305: '+=': truncation from 'double' to 'float'
c:\users\owner\source\repos\boatnew\boatnew\gamehandler.cpp(148): warning C4305: '+=': truncation from 'double' to 'float'
  hitbox.cpp
  load_textures.cpp
c:\users\owner\source\repos\boatnew\boatnew\load_textures.cpp(46): warning C4244: '=': conversion from 'double' to 'int', possible loss of data
c:\users\owner\source\repos\boatnew\boatnew\load_textures.cpp(47): warning C4244: '=': conversion from 'double' to 'int', possible loss of data
c:\users\owner\source\repos\boatnew\boatnew\load_textures.cpp(56): warning C4244: '=': conversion from 'double' to 'int', possible loss of data
c:\users\owner\source\repos\boatnew\boatnew\load_textures.cpp(57): warning C4244: '=': conversion from 'double' to 'int', possible loss of data
c:\users\owner\source\repos\boatnew\boatnew\load_textures.cpp(58): warning C4244: '=': conversion from 'double' to 'int', possible loss of data
c:\users\owner\source\repos\boatnew\boatnew\load_textures.cpp(59): warning C4244: '=': conversion from 'double' to 'int', possible loss of data
c:\users\owner\source\repos\boatnew\boatnew\load_textures.cpp(66): warning C4244: '=': conversion from 'double' to 'int', possible loss of data
c:\users\owner\source\repos\boatnew\boatnew\load_textures.cpp(67): warning C4244: '=': conversion from 'double' to 'int', possible loss of data
c:\users\owner\source\repos\boatnew\boatnew\load_textures.cpp(91): warning C4244: 'argument': conversion from 'float' to 'int', possible loss of data
  luaFuncs.cpp
  main.cpp
c:\users\owner\source\repos\boatnew\boatnew\mapmaking.h(6): warning C4099: 'SDL_Rect': type name first seen using 'struct' now seen using 'class'
  c:\sdl2\include\sdl_rect.h(77): note: see declaration of 'SDL_Rect'
c:\users\owner\source\repos\boatnew\boatnew\mapmaking.h(7): warning C4099: 'SDL_Point': type name first seen using 'struct' now seen using 'class'
  c:\sdl2\include\sdl_rect.h(48): note: see declaration of 'SDL_Point'
c:\users\owner\source\repos\boatnew\boatnew\main.cpp(40): warning C4244: 'argument': conversion from 'time_t' to 'unsigned int', possible loss of data
c:\users\owner\source\repos\boatnew\boatnew\main.cpp(127): warning C4244: 'argument': conversion from 'double' to 'Uint32', possible loss of data
  mainmenu.cpp
c:\users\owner\source\repos\boatnew\boatnew\mainmenu.cpp(13): warning C4244: 'initializing': conversion from 'float' to 'int', possible loss of data
c:\users\owner\source\repos\boatnew\boatnew\mainmenu.cpp(14): warning C4244: 'initializing': conversion from 'float' to 'int', possible loss of data
c:\users\owner\source\repos\boatnew\boatnew\mainmenu.cpp(23): warning C4838: conversion from 'float' to 'int' requires a narrowing conversion
c:\users\owner\source\repos\boatnew\boatnew\mainmenu.cpp(23): warning C4244: 'initializing': conversion from 'float' to 'int', possible loss of data
c:\users\owner\source\repos\boatnew\boatnew\mainmenu.cpp(24): warning C4838: conversion from 'float' to 'int' requires a narrowing conversion
c:\users\owner\source\repos\boatnew\boatnew\mainmenu.cpp(24): warning C4244: 'initializing': conversion from 'float' to 'int', possible loss of data
  map.cpp
c:\users\owner\source\repos\boatnew\boatnew\vectors.h(4): warning C4099: 'Vec2': type name first seen using 'struct' now seen using 'class'
  c:\users\owner\source\repos\boatnew\boatnew\vectors.h(3): note: see declaration of 'Vec2'
c:\users\owner\source\repos\boatnew\boatnew\map.cpp(99): warning C4244: 'argument': conversion from 'double' to 'float', possible loss of data
c:\users\owner\source\repos\boatnew\boatnew\map.cpp(44): warning C4101: 'type_ref': unreferenced local variable
  mapMaking.cpp
c:\sdl2\include\sdl_rect.h(49): warning C4099: 'SDL_Point': type name first seen using 'class' now seen using 'struct'
  c:\sdl2\include\sdl_rect.h(48): note: see declaration of 'SDL_Point'
c:\sdl2\include\sdl_rect.h(78): warning C4099: 'SDL_Rect': type name first seen using 'class' now seen using 'struct'
  c:\sdl2\include\sdl_rect.h(77): note: see declaration of 'SDL_Rect'
c:\users\owner\source\repos\boatnew\boatnew\mapmaking.cpp(27): warning C4018: '<': signed/unsigned mismatch
c:\users\owner\source\repos\boatnew\boatnew\mapmaking.cpp(49): warning C4018: '<': signed/unsigned mismatch
c:\users\owner\source\repos\boatnew\boatnew\mapmaking.cpp(69): warning C4018: '<': signed/unsigned mismatch
c:\users\owner\source\repos\boatnew\boatnew\mapmaking.cpp(123): warning C4244: 'initializing': conversion from 'int' to 'float', possible loss of data
c:\users\owner\source\repos\boatnew\boatnew\mapmaking.cpp(124): warning C4244: 'initializing': conversion from 'int' to 'float', possible loss of data
c:\users\owner\source\repos\boatnew\boatnew\mapmaking.cpp(120): warning C4101: 'screenw': unreferenced local variable
c:\users\owner\source\repos\boatnew\boatnew\mapmaking.cpp(120): warning C4101: 'screenh': unreferenced local variable
  platforms.cpp
c:\users\owner\source\repos\boatnew\boatnew\vectors.h(4): warning C4099: 'Vec2': type name first seen using 'struct' now seen using 'class'
  c:\users\owner\source\repos\boatnew\boatnew\vectors.h(3): note: see declaration of 'Vec2'
  player.cpp
c:\users\owner\source\repos\boatnew\boatnew\player.cpp(22): warning C4305: '=': truncation from 'double' to 'float'
c:\users\owner\source\repos\boatnew\boatnew\player.cpp(35): warning C4244: 'return': conversion from 'double' to 'float', possible loss of data
c:\users\owner\source\repos\boatnew\boatnew\player.cpp(39): warning C4244: 'return': conversion from 'double' to 'float', possible loss of data
c:\users\owner\source\repos\boatnew\boatnew\player.cpp(43): warning C4244: 'return': conversion from 'double' to 'float', possible loss of data
c:\users\owner\source\repos\boatnew\boatnew\player.cpp(47): warning C4244: 'return': conversion from 'double' to 'float', possible loss of data
c:\users\owner\source\repos\boatnew\boatnew\player.cpp(52): warning C4244: 'initializing': conversion from 'float' to 'int', possible loss of data
c:\users\owner\source\repos\boatnew\boatnew\player.cpp(53): warning C4244: 'initializing': conversion from 'float' to 'int', possible loss of data
c:\users\owner\source\repos\boatnew\boatnew\player.cpp(54): warning C4244: 'initializing': conversion from 'float' to 'int', possible loss of data
c:\users\owner\source\repos\boatnew\boatnew\player.cpp(55): warning C4244: 'initializing': conversion from 'float' to 'int', possible loss of data
c:\users\owner\source\repos\boatnew\boatnew\player.cpp(68): warning C4244: 'argument': conversion from 'float' to 'int', possible loss of data
c:\users\owner\source\repos\boatnew\boatnew\player.cpp(73): warning C4244: 'argument': conversion from 'int' to 'float', possible loss of data
c:\users\owner\source\repos\boatnew\boatnew\player.cpp(73): warning C4244: 'argument': conversion from 'float' to 'int', possible loss of data
c:\users\owner\source\repos\boatnew\boatnew\player.cpp(76): warning C4244: 'argument': conversion from 'int' to 'float', possible loss of data
c:\users\owner\source\repos\boatnew\boatnew\player.cpp(76): warning C4244: 'argument': conversion from 'float' to 'int', possible loss of data
c:\users\owner\source\repos\boatnew\boatnew\player.cpp(84): warning C4244: 'argument': conversion from 'int' to 'float', possible loss of data
c:\users\owner\source\repos\boatnew\boatnew\player.cpp(84): warning C4244: 'argument': conversion from 'float' to 'int', possible loss of data
c:\users\owner\source\repos\boatnew\boatnew\player.cpp(87): warning C4244: 'argument': conversion from 'float' to 'int', possible loss of data
c:\users\owner\source\repos\boatnew\boatnew\player.cpp(95): warning C4244: 'argument': conversion from 'float' to 'int', possible loss of data
c:\users\owner\source\repos\boatnew\boatnew\player.cpp(98): warning C4244: 'argument': conversion from 'float' to 'int', possible loss of data
  renderWrld.cpp
  resolutions.cpp
c:\users\owner\source\repos\boatnew\boatnew\resolutions.cpp(5): warning C4244: '=': conversion from 'float' to 'int', possible loss of data
c:\users\owner\source\repos\boatnew\boatnew\resolutions.cpp(6): warning C4244: '=': conversion from 'float' to 'int', possible loss of data
c:\users\owner\source\repos\boatnew\boatnew\resolutions.cpp(8): warning C4244: '=': conversion from 'float' to 'int', possible loss of data
c:\users\owner\source\repos\boatnew\boatnew\resolutions.cpp(9): warning C4244: '=': conversion from 'float' to 'int', possible loss of data
  savlod.cpp
  tileMap.cpp
c:\users\owner\source\repos\boatnew\boatnew\tilemap.cpp(19): warning C4244: 'argument': conversion from 'int' to 'float', possible loss of data
c:\users\owner\source\repos\boatnew\boatnew\tilemap.cpp(46): warning C4244: 'argument': conversion from 'int' to 'float', possible loss of data
  tiles.cpp
  timers.cpp
  vectors.cpp
  Generating Code...
c:\users\owner\source\repos\boatnew\boatnew\map.cpp(111): warning C4715: 'loadMap': not all control paths return a value
c:\users\owner\source\repos\boatnew\boatnew\main.cpp(133): warning C4715: 'SDL_main': not all control paths return a value
  BoatNew.vcxproj -> C:\Users\Owner\source\repos\BoatNew\Debug\BoatNew.exe
