C:\Program Files (x86)\Microsoft Visual Studio\2017\Community\Common7\IDE\VC\VCTargets\Microsoft.CppBuild.targets(944,5): warning MSB8027: Two or more files with the name of emptyTile.cpp will produce outputs to the same location. This can lead to an incorrect build result.  The files involved are ..\..\..\..\Desktop\Coding\Boat Engine\Boat Game Maps\emptyTile.cpp, emptyTile.cpp.
C:\Program Files (x86)\Microsoft Visual Studio\2017\Community\Common7\IDE\VC\VCTargets\Microsoft.CppBuild.targets(944,5): warning MSB8027: Two or more files with the name of map.cpp will produce outputs to the same location. This can lead to an incorrect build result.  The files involved are ..\..\..\..\Desktop\Coding\Boat Engine\Boat Game Maps\map.cpp, map.cpp.
C:\Program Files (x86)\Microsoft Visual Studio\2017\Community\Common7\IDE\VC\VCTargets\Microsoft.CppBuild.targets(944,5): warning MSB8027: Two or more files with the name of platforms.cpp will produce outputs to the same location. This can lead to an incorrect build result.  The files involved are ..\..\..\..\Desktop\Coding\Boat Engine\Boat Game Maps\platforms.cpp, platforms.cpp.
C:\Program Files (x86)\Microsoft Visual Studio\2017\Community\Common7\IDE\VC\VCTargets\Microsoft.CppBuild.targets(944,5): warning MSB8027: Two or more files with the name of tileMap.cpp will produce outputs to the same location. This can lead to an incorrect build result.  The files involved are ..\..\..\..\Desktop\Coding\Boat Engine\Boat Game Maps\tileMap.cpp, tileMap.cpp.
C:\Program Files (x86)\Microsoft Visual Studio\2017\Community\Common7\IDE\VC\VCTargets\Microsoft.CppBuild.targets(944,5): warning MSB8027: Two or more files with the name of tiles.cpp will produce outputs to the same location. This can lead to an incorrect build result.  The files involved are ..\..\..\..\Desktop\Coding\Boat Engine\Boat Game Maps\tiles.cpp, tiles.cpp.
  lapi.c
c:\lua-5.2.4\include\lapi.c(1285): fatal error C1010: unexpected end of file while looking for precompiled header. Did you forget to add '#include "pch.h"' to your source?
  lauxlib.c
c:\lua-5.2.4\include\lauxlib.c(240): warning C4005: 'inspectstat': macro redefinition
  c:\lua-5.2.4\include\lauxlib.c(236): note: see previous definition of 'inspectstat'
c:\lua-5.2.4\include\lauxlib.c(960): fatal error C1010: unexpected end of file while looking for precompiled header. Did you forget to add '#include "pch.h"' to your source?
  lbaselib.c
c:\lua-5.2.4\include\lbaselib.c(459): fatal error C1010: unexpected end of file while looking for precompiled header. Did you forget to add '#include "pch.h"' to your source?
  lbitlib.c
c:\lua-5.2.4\include\lbitlib.c(213): fatal error C1010: unexpected end of file while looking for precompiled header. Did you forget to add '#include "pch.h"' to your source?
  lcode.c
c:\lua-5.2.4\include\lcode.c(882): fatal error C1010: unexpected end of file while looking for precompiled header. Did you forget to add '#include "pch.h"' to your source?
  lcorolib.c
c:\lua-5.2.4\include\lcorolib.c(156): fatal error C1010: unexpected end of file while looking for precompiled header. Did you forget to add '#include "pch.h"' to your source?
  lctype.c
c:\lua-5.2.4\include\lctype.c(53): fatal error C1010: unexpected end of file while looking for precompiled header. Did you forget to add '#include "pch.h"' to your source?
  ldblib.c
c:\lua-5.2.4\include\ldblib.c(409): fatal error C1010: unexpected end of file while looking for precompiled header. Did you forget to add '#include "pch.h"' to your source?
  ldebug.c
c:\lua-5.2.4\include\ldebug.c(611): fatal error C1010: unexpected end of file while looking for precompiled header. Did you forget to add '#include "pch.h"' to your source?
  ldo.c
c:\lua-5.2.4\include\ldo.c(60): warning C4005: 'LUAI_THROW': macro redefinition
  c:\lua-5.2.4\include\ldo.c(53): note: see previous definition of 'LUAI_THROW'
c:\lua-5.2.4\include\ldo.c(61): warning C4005: 'LUAI_TRY': macro redefinition
  c:\lua-5.2.4\include\ldo.c(55): note: see previous definition of 'LUAI_TRY'
c:\lua-5.2.4\include\ldo.c(62): warning C4005: 'luai_jmpbuf': macro redefinition
  c:\lua-5.2.4\include\ldo.c(56): note: see previous definition of 'luai_jmpbuf'
c:\lua-5.2.4\include\ldo.c(66): warning C4005: 'LUAI_THROW': macro redefinition
  c:\lua-5.2.4\include\ldo.c(60): note: see previous definition of 'LUAI_THROW'
c:\lua-5.2.4\include\ldo.c(67): warning C4005: 'LUAI_TRY': macro redefinition
  c:\lua-5.2.4\include\ldo.c(61): note: see previous definition of 'LUAI_TRY'
c:\lua-5.2.4\include\ldo.c(682): fatal error C1010: unexpected end of file while looking for precompiled header. Did you forget to add '#include "pch.h"' to your source?
  ldump.c
c:\lua-5.2.4\include\ldump.c(174): fatal error C1010: unexpected end of file while looking for precompiled header. Did you forget to add '#include "pch.h"' to your source?
  lfunc.c
c:\lua-5.2.4\include\lfunc.c(162): fatal error C1010: unexpected end of file while looking for precompiled header. Did you forget to add '#include "pch.h"' to your source?
  lgc.c
c:\lua-5.2.4\include\lgc.c(1221): fatal error C1010: unexpected end of file while looking for precompiled header. Did you forget to add '#include "pch.h"' to your source?
  linit.c
c:\lua-5.2.4\include\linit.c(68): fatal error C1010: unexpected end of file while looking for precompiled header. Did you forget to add '#include "pch.h"' to your source?
  liolib.c
c:\lua-5.2.4\include\liolib.c(63): warning C4005: 'lua_popen': macro redefinition
  c:\lua-5.2.4\include\liolib.c(58): note: see previous definition of 'lua_popen'
c:\lua-5.2.4\include\liolib.c(64): warning C4005: 'lua_pclose': macro redefinition
  c:\lua-5.2.4\include\liolib.c(59): note: see previous definition of 'lua_pclose'
c:\lua-5.2.4\include\liolib.c(70): warning C4005: 'lua_popen': macro redefinition
  c:\lua-5.2.4\include\liolib.c(63): note: see previous definition of 'lua_popen'
c:\lua-5.2.4\include\liolib.c(71): warning C4005: 'lua_pclose': macro redefinition
  c:\lua-5.2.4\include\liolib.c(64): note: see previous definition of 'lua_pclose'
c:\lua-5.2.4\include\liolib.c(99): warning C4005: 'l_fseek': macro redefinition
  c:\lua-5.2.4\include\liolib.c(91): note: see previous definition of 'l_fseek'
c:\lua-5.2.4\include\liolib.c(100): warning C4005: 'l_ftell': macro redefinition
  c:\lua-5.2.4\include\liolib.c(92): note: see previous definition of 'l_ftell'
c:\lua-5.2.4\include\liolib.c(101): warning C4005: 'l_seeknum': macro redefinition
  c:\lua-5.2.4\include\liolib.c(93): note: see previous definition of 'l_seeknum'
c:\lua-5.2.4\include\liolib.c(109): warning C4005: 'l_fseek': macro redefinition
  c:\lua-5.2.4\include\liolib.c(99): note: see previous definition of 'l_fseek'
c:\lua-5.2.4\include\liolib.c(110): warning C4005: 'l_ftell': macro redefinition
  c:\lua-5.2.4\include\liolib.c(100): note: see previous definition of 'l_ftell'
c:\lua-5.2.4\include\liolib.c(111): warning C4005: 'l_seeknum': macro redefinition
  c:\lua-5.2.4\include\liolib.c(101): note: see previous definition of 'l_seeknum'
c:\lua-5.2.4\include\liolib.c(667): fatal error C1010: unexpected end of file while looking for precompiled header. Did you forget to add '#include "pch.h"' to your source?
  llex.c
c:\lua-5.2.4\include\llex.c(531): fatal error C1010: unexpected end of file while looking for precompiled header. Did you forget to add '#include "pch.h"' to your source?
  lmathlib.c
c:\lua-5.2.4\include\lmathlib.c(280): fatal error C1010: unexpected end of file while looking for precompiled header. Did you forget to add '#include "pch.h"' to your source?
  lmem.c
c:\lua-5.2.4\include\lmem.c(100): fatal error C1010: unexpected end of file while looking for precompiled header. Did you forget to add '#include "pch.h"' to your source?
  loadlib.c
c:\lua-5.2.4\include\loadlib.c(223): warning C4005: 'LIB_FAIL': macro redefinition
  c:\lua-5.2.4\include\loadlib.c(98): note: see previous definition of 'LIB_FAIL'
c:\lua-5.2.4\include\loadlib.c(726): fatal error C1010: unexpected end of file while looking for precompiled header. Did you forget to add '#include "pch.h"' to your source?
  lobject.c
c:\lua-5.2.4\include\lobject.c(288): fatal error C1010: unexpected end of file while looking for precompiled header. Did you forget to add '#include "pch.h"' to your source?
  Generating Code...
  Compiling...
  lopcodes.c
c:\lua-5.2.4\include\lopcodes.c(108): fatal error C1010: unexpected end of file while looking for precompiled header. Did you forget to add '#include "pch.h"' to your source?
  loslib.c
c:\lua-5.2.4\include\loslib.c(34): warning C4005: 'LUA_STRFTIMEOPTIONS': macro redefinition
  c:\lua-5.2.4\include\loslib.c(29): note: see previous definition of 'LUA_STRFTIMEOPTIONS'
c:\lua-5.2.4\include\loslib.c(56): warning C4005: 'LUA_TMPNAMBUFSIZE': macro redefinition
  c:\lua-5.2.4\include\loslib.c(47): note: see previous definition of 'LUA_TMPNAMBUFSIZE'
c:\lua-5.2.4\include\loslib.c(57): warning C4005: 'lua_tmpnam': macro redefinition
  c:\lua-5.2.4\include\loslib.c(52): note: see previous definition of 'lua_tmpnam'
c:\lua-5.2.4\include\loslib.c(73): warning C4005: 'l_gmtime': macro redefinition
  c:\lua-5.2.4\include\loslib.c(68): note: see previous definition of 'l_gmtime'
c:\lua-5.2.4\include\loslib.c(74): warning C4005: 'l_localtime': macro redefinition
  c:\lua-5.2.4\include\loslib.c(69): note: see previous definition of 'l_localtime'
c:\lua-5.2.4\include\loslib.c(324): fatal error C1010: unexpected end of file while looking for precompiled header. Did you forget to add '#include "pch.h"' to your source?
  lparser.c
c:\lua-5.2.4\include\lparser.c(1639): fatal error C1010: unexpected end of file while looking for precompiled header. Did you forget to add '#include "pch.h"' to your source?
  lstate.c
c:\lua-5.2.4\include\lstate.c(324): fatal error C1010: unexpected end of file while looking for precompiled header. Did you forget to add '#include "pch.h"' to your source?
  lstring.c
c:\lua-5.2.4\include\lstring.c(186): fatal error C1010: unexpected end of file while looking for precompiled header. Did you forget to add '#include "pch.h"' to your source?
  lstrlib.c
c:\lua-5.2.4\include\lstrlib.c(802): warning C4005: 'LUA_INTFRMLEN': macro redefinition
  c:\lua-5.2.4\include\lstrlib.c(797): note: see previous definition of 'LUA_INTFRMLEN'
c:\lua-5.2.4\include\lstrlib.c(803): warning C4005: 'LUA_INTFRM_T': macro redefinition
  c:\lua-5.2.4\include\lstrlib.c(798): note: see previous definition of 'LUA_INTFRM_T'
c:\lua-5.2.4\include\lstrlib.c(1020): fatal error C1010: unexpected end of file while looking for precompiled header. Did you forget to add '#include "pch.h"' to your source?
  ltable.c
c:\lua-5.2.4\include\ltable.c(45): warning C4005: 'MAXBITS': macro redefinition
  c:\lua-5.2.4\include\ltable.c(43): note: see previous definition of 'MAXBITS'
c:\lua-5.2.4\include\ltable.c(589): fatal error C1010: unexpected end of file while looking for precompiled header. Did you forget to add '#include "pch.h"' to your source?
  ltablib.c
c:\lua-5.2.4\include\ltablib.c(286): fatal error C1010: unexpected end of file while looking for precompiled header. Did you forget to add '#include "pch.h"' to your source?
  ltm.c
c:\lua-5.2.4\include\ltm.c(78): fatal error C1010: unexpected end of file while looking for precompiled header. Did you forget to add '#include "pch.h"' to your source?
  lundump.c
c:\lua-5.2.4\include\lundump.c(259): fatal error C1010: unexpected end of file while looking for precompiled header. Did you forget to add '#include "pch.h"' to your source?
  lvm.c
c:\lua-5.2.4\include\lvm.c(868): fatal error C1010: unexpected end of file while looking for precompiled header. Did you forget to add '#include "pch.h"' to your source?
  lzio.c
c:\lua-5.2.4\include\lzio.c(77): fatal error C1010: unexpected end of file while looking for precompiled header. Did you forget to add '#include "pch.h"' to your source?
  Generating Code...
